2024-10-08T12:36:32+00:00 INFO Payment gateway enabled: "bkash"
2024-10-08T12:43:48+00:00 INFO Payment gateway enabled: "rocket"
2024-10-08T12:43:50+00:00 INFO Payment gateway enabled: "nagad"
2024-10-08T13:34:01+00:00 INFO Payment gateway enabled: "Check payments"
2024-10-08T13:34:51+00:00 INFO Payment gateway enabled: "Cash on delivery"
2024-10-08T13:36:12+00:00 WARNING Empty patterns received from the PTK Pattern Store
2024-10-08T13:36:18+00:00 WARNING Empty patterns received from the PTK Pattern Store
2024-10-08T13:36:21+00:00 WARNING Empty patterns received from the PTK Pattern Store
2024-10-08T13:36:25+00:00 WARNING Empty patterns received from the PTK Pattern Store
2024-10-08T13:36:43+00:00 WARNING Empty patterns received from the PTK Pattern Store
2024-10-08T13:36:46+00:00 WARNING Empty patterns received from the PTK Pattern Store
2024-10-08T13:36:48+00:00 WARNING Empty patterns received from the PTK Pattern Store
2024-10-08T13:36:49+00:00 WARNING Empty patterns received from the PTK Pattern Store
2024-10-08T13:36:49+00:00 WARNING Empty patterns received from the PTK Pattern Store
2024-10-08T13:37:07+00:00 WARNING Empty patterns received from the PTK Pattern Store
2024-10-08T13:37:10+00:00 WARNING Empty patterns received from the PTK Pattern Store
2024-10-08T13:37:18+00:00 WARNING Empty patterns received from the PTK Pattern Store
2024-10-08T13:37:21+00:00 WARNING Empty patterns received from the PTK Pattern Store
2024-10-08T13:37:29+00:00 WARNING Empty patterns received from the PTK Pattern Store
2024-10-08T13:37:38+00:00 WARNING Empty patterns received from the PTK Pattern Store
2024-10-08T13:37:41+00:00 WARNING Empty patterns received from the PTK Pattern Store
2024-10-08T14:39:23+00:00 INFO Payment gateway enabled: "bkash"
2024-10-08T14:43:02+00:00 INFO Payment gateway enabled: "Direct bank transfer"
2024-10-08T14:43:06+00:00 INFO Payment gateway enabled: "Check payments"
2024-10-08T14:44:44+00:00 INFO Payment gateway enabled: "bkash"
