********************************************************************************
DUPLICATOR-LITE PACKAGE-LOG: September 26, 2024 7:09 am
NOTICE: Do NOT post to public sites or forums 
********************************************************************************
VERSION:	1.5.11
WORDPRESS:	6.6.2
PHP INFO:	7.4.33 | SAPI: apache2handler
SERVER:		Apache/2.4.54 (Win64) OpenSSL/1.1.1p PHP/7.4.33 
PHP TIME LIMIT: (0) no time limit imposed 
PHP MAX MEMORY: 4294967296 (512M default) 
MEMORY STACK: 14MB

********************************************************************************
DATABASE:
********************************************************************************
BUILD MODE:   MYSQLDUMP
MYSQLTIMEOUT: 5000
MYSQLDUMP:    Is Supported
SQL CREATED: 26sep2024_e600c6edf66c59ca5235_20240926070932_database.sql
SQL FILE SIZE: 4.21MB (4413307)
SQL FILE TIME: 2024-09-26 07:09:51
SQL RUNTIME: 8.44 sec.

********************************************************************************
ARCHIVE (ZIP):
********************************************************************************
ARCHIVE DIR:  E:/xampp74/htdocs/wdpf60_wp2/wordpress
ARCHIVE FILE: 26sep2024_e600c6edf66c59ca5235_20240926070932_archive.zip
FILTERS: *OFF*
DIRS:
	not set
FILES:
	not set
EXTS:  not set
----------------------------------------
COMPRESSING
SIZE:	231.94MB
STATS:	Dirs 1,517 | Files 8,155
SQL ADDED: 26sep2024_e600c6edf66c59ca5235_20240926070932_database.sql
ZipArchive Object
(
    [status] => 0
    [statusSys] => 0
    [numFiles] => 9672
    [filename] => E:\xampp74\htdocs\wdpf60_wp2\wordpress\wp-content\backups-dup-lite\tmp\26sep2024_e600c6edf66c59ca5235_20240926070932_archive.zip
    [comment] => 
)

FILE ADDED TO ZIP: 9671
COMPRESSION RESULT: '1'
COMPRESSED SIZE: 95.57MB
ARCHIVE RUNTIME: 78.13 sec.
MEMORY STACK: 16MB
building installer
ARCHIVE CONSISTENCY TEST: PASS

********************************************************************************
INTEGRITY CHECKS:
********************************************************************************
SQL FILE: 4.21MB
INSTALLER FILE: 73.47KB
ARCHIVE FILE: 97.5MB 
EXPECTED FILE/DIRECTORY COUNT: 9,672
ACTUAL FILE/DIRECTORY COUNT: 9,671
ARCHIVE CONSISTENCY TEST: Pass

********************************************************************************
RECORD ID:[1]
TOTAL PROCESS RUNTIME: 87.92 sec.
PEAK PHP MEMORY USED: 18MB
DONE PROCESSING => 26sep2024 September 26, 2024 7:11 am

